This is XeTeX, Version 3.141592653-2.6-0.999994 (MiKTeX 22.3) (preloaded format=xelatex 2026.2.3)  14 FEB 2026 02:55
entering extended mode
 restricted \write18 enabled.
 file:line:error style messages enabled.
 %&-line parsing enabled.
**d:/MerLean-examples/blueprint/src/print.tex
(d:/MerLean-examples/blueprint/src/print.tex
LaTeX2e <2021-11-15> patch level 1
L3 programming layer <2022-02-24> (C:\Users\timmy\AppData\Local\Programs\MiKTeX\tex/latex/base\article.cls
Document Class: article 2021/10/04 v1.4n Standard LaTeX document class
(C:\Users\timmy\AppData\Local\Programs\MiKTeX\tex/latex/base\size11.clo
File: size11.clo 2021/10/04 v1.4n Standard LaTeX file (size option)
)
\c@part=\count181
\c@section=\count182
\c@subsection=\count183
\c@subsubsection=\count184
\c@paragraph=\count185
\c@subparagraph=\count186
\c@figure=\count187
\c@table=\count188
\abovecaptionskip=\skip47
\belowcaptionskip=\skip48
\bibindent=\dimen138
) (C:\Users\timmy\AppData\Local\Programs\MiKTeX\tex/latex/base\inputenc.sty
Package: inputenc 2021/02/14 v1.3d Input encoding file
\inpenc@prehook=\toks16
\inpenc@posthook=\toks17


Package inputenc Warning: inputenc package ignored with utf8 based engines.

) (C:\Users\timmy\AppData\Local\Programs\MiKTeX\tex/latex/amsmath\amsmath.sty
Package: amsmath 2021/10/15 v2.17l AMS math features
\@mathmargin=\skip49

For additional information on amsmath, use the `?' option.
(C:\Users\timmy\AppData\Local\Programs\MiKTeX\tex/latex/amsmath\amstext.sty
Package: amstext 2021/08/26 v2.01 AMS text
 (C:\Users\timmy\AppData\Local\Programs\MiKTeX\tex/latex/amsmath\amsgen.sty
File: amsgen.sty 1999/11/30 v2.0 generic functions
\@emptytoks=\toks18
\ex@=\dimen139
)) (C:\Users\timmy\AppData\Local\Programs\MiKTeX\tex/latex/amsmath\amsbsy.sty
Package: amsbsy 1999/11/29 v1.2d Bold Symbols
\pmbraise@=\dimen140
) (C:\Users\timmy\AppData\Local\Programs\MiKTeX\tex/latex/amsmath\amsopn.sty
Package: amsopn 2021/08/26 v2.02 operator names
)
\inf@bad=\count189
LaTeX Info: Redefining \frac on input line 234.
\uproot@=\count190
\leftroot@=\count191
LaTeX Info: Redefining \overline on input line 399.
\classnum@=\count192
\DOTSCASE@=\count193
LaTeX Info: Redefining \ldots on input line 496.
LaTeX Info: Redefining \dots on input line 499.
LaTeX Info: Redefining \cdots on input line 620.
\Mathstrutbox@=\box50
\strutbox@=\box51
\big@size=\dimen141
LaTeX Font Info:    Redeclaring font encoding OML on input line 743.
LaTeX Font Info:    Redeclaring font encoding OMS on input line 744.
\macc@depth=\count194
\c@MaxMatrixCols=\count195
\dotsspace@=\muskip16
\c@parentequation=\count196
\dspbrk@lvl=\count197
\tag@help=\toks19
\row@=\count198
\column@=\count199
\maxfields@=\count266
\andhelp@=\toks20
\eqnshift@=\dimen142
\alignsep@=\dimen143
\tagshift@=\dimen144
\tagwidth@=\dimen145
\totwidth@=\dimen146
\lineht@=\dimen147
\@envbody=\toks21
\multlinegap=\skip50
\multlinetaggap=\skip51
\mathdisplay@stack=\toks22
LaTeX Info: Redefining \[ on input line 2938.
LaTeX Info: Redefining \] on input line 2939.
) (C:\Users\timmy\AppData\Local\Programs\MiKTeX\tex/latex/amsfonts\amssymb.sty
Package: amssymb 2013/01/14 v3.01 AMS font symbols
 (C:\Users\timmy\AppData\Local\Programs\MiKTeX\tex/latex/amsfonts\amsfonts.sty
Package: amsfonts 2013/01/14 v3.01 Basic AMSFonts support
\symAMSa=\mathgroup4
\symAMSb=\mathgroup5
LaTeX Font Info:    Redeclaring math symbol \hbar on input line 98.
LaTeX Font Info:    Overwriting math alphabet `\mathfrak' in version `bold'
(Font)                  U/euf/m/n --> U/euf/b/n on input line 106.
)) (C:\Users\timmy\AppData\Local\Programs\MiKTeX\tex/latex/amscls\amsthm.sty
Package: amsthm 2020/05/29 v2.20.6
\thm@style=\toks23
\thm@bodyfont=\toks24
\thm@headfont=\toks25
\thm@notefont=\toks26
\thm@headpunct=\toks27
\thm@preskip=\skip52
\thm@postskip=\skip53
\thm@headsep=\skip54
\dth@everypar=\toks28
) (C:\Users\timmy\AppData\Local\Programs\MiKTeX\tex/latex/mathtools\mathtools.sty
Package: mathtools 2024/10/04 v1.31 mathematical typesetting tools
 (C:\Users\timmy\AppData\Local\Programs\MiKTeX\tex/latex/graphics\keyval.sty
Package: keyval 2014/10/28 v1.15 key=value parser (DPC)
\KV@toks@=\toks29
) (C:\Users\timmy\AppData\Local\Programs\MiKTeX\tex/latex/tools\calc.sty
Package: calc 2017/05/25 v4.3 Infix arithmetic (KKT,FJ)
\calc@Acount=\count267
\calc@Bcount=\count268
\calc@Adimen=\dimen148
\calc@Bdimen=\dimen149
\calc@Askip=\skip55
\calc@Bskip=\skip56
LaTeX Info: Redefining \setlength on input line 80.
LaTeX Info: Redefining \addtolength on input line 81.
\calc@Ccount=\count269
\calc@Cskip=\skip57
) (C:\Users\timmy\AppData\Local\Programs\MiKTeX\tex/latex/mathtools\mhsetup.sty
Package: mhsetup 2021/03/18 v1.4 programming setup (MH)
)
\g_MT_multlinerow_int=\count270
\l_MT_multwidth_dim=\dimen150
\origjot=\skip58
\l_MT_shortvdotswithinadjustabove_dim=\dimen151
\l_MT_shortvdotswithinadjustbelow_dim=\dimen152
\l_MT_above_intertext_sep=\dimen153
\l_MT_below_intertext_sep=\dimen154
\l_MT_above_shortintertext_sep=\dimen155
\l_MT_below_shortintertext_sep=\dimen156
\xmathstrut@box=\box52
\xmathstrut@dim=\dimen157
) (C:\Users\timmy\AppData\Local\Programs\MiKTeX\tex/latex/braket\braket.sty) (C:\Users\timmy\AppData\Local\Programs\MiKTeX\tex/latex/doublestroke\dsfont.sty
Package: dsfont 1995/08/01 v0.1 Double stroke roman fonts
) (C:\Users\timmy\AppData\Local\Programs\MiKTeX\tex/latex/stmaryrd\stmaryrd.sty
Package: stmaryrd 1994/03/03 St Mary's Road symbol package
\symstmry=\mathgroup6
LaTeX Font Info:    Overwriting symbol font `stmry' in version `bold'
(Font)                  U/stmry/m/n --> U/stmry/b/n on input line 89.
) (C:\Users\timmy\AppData\Local\Programs\MiKTeX\tex/latex/enumitem\enumitem.sty
Package: enumitem 2025/02/06 v3.11 Customized lists
\labelindent=\skip59
\enit@outerparindent=\dimen158
\enit@toks=\toks30
\enit@inbox=\box53
\enit@count@id=\count271
\enitdp@description=\count272
) (C:\Users\timmy\AppData\Local\Programs\MiKTeX\tex/latex/geometry\geometry.sty
Package: geometry 2020/01/02 v5.9 Page Geometry
 (C:\Users\timmy\AppData\Local\Programs\MiKTeX\tex/generic/iftex\ifvtex.sty
Package: ifvtex 2019/10/25 v1.7 ifvtex legacy package. Use iftex instead.
 (C:\Users\timmy\AppData\Local\Programs\MiKTeX\tex/generic/iftex\iftex.sty
Package: iftex 2022/02/03 v1.0f TeX engine tests
))
\Gm@cnth=\count273
\Gm@cntv=\count274
\c@Gm@tempcnt=\count275
\Gm@bindingoffset=\dimen159
\Gm@wd@mp=\dimen160
\Gm@odd@mp=\dimen161
\Gm@even@mp=\dimen162
\Gm@layoutwidth=\dimen163
\Gm@layoutheight=\dimen164
\Gm@layouthoffset=\dimen165
\Gm@layoutvoffset=\dimen166
\Gm@dimlist=\toks31
 (C:\Users\timmy\AppData\Local\Programs\MiKTeX\tex/latex/geometry\geometry.cfg)) (C:\Users\timmy\AppData\Local\Programs\MiKTeX\tex/latex/hyperref\hyperref.sty
Package: hyperref 2022-02-21 v7.00n Hypertext links for LaTeX
 (C:\Users\timmy\AppData\Local\Programs\MiKTeX\tex/generic/ltxcmds\ltxcmds.sty
Package: ltxcmds 2020-05-10 v1.25 LaTeX kernel commands for general use (HO)
) (C:\Users\timmy\AppData\Local\Programs\MiKTeX\tex/generic/pdftexcmds\pdftexcmds.sty
Package: pdftexcmds 2020-06-27 v0.33 Utility functions of pdfTeX for LuaTeX (HO)
 (C:\Users\timmy\AppData\Local\Programs\MiKTeX\tex/generic/infwarerr\infwarerr.sty
Package: infwarerr 2019/12/03 v1.5 Providing info/warning/error messages (HO)
)
Package pdftexcmds Info: \pdf@primitive is available.
Package pdftexcmds Info: \pdf@ifprimitive is available.
Package pdftexcmds Info: \pdfdraftmode not found.
) (C:\Users\timmy\AppData\Local\Programs\MiKTeX\tex/generic/kvsetkeys\kvsetkeys.sty
Package: kvsetkeys 2019/12/15 v1.18 Key value parser (HO)
) (C:\Users\timmy\AppData\Local\Programs\MiKTeX\tex/generic/kvdefinekeys\kvdefinekeys.sty
Package: kvdefinekeys 2019-12-19 v1.6 Define keys (HO)
) (C:\Users\timmy\AppData\Local\Programs\MiKTeX\tex/generic/pdfescape\pdfescape.sty
Package: pdfescape 2019/12/09 v1.15 Implements pdfTeX's escape features (HO)
) (C:\Users\timmy\AppData\Local\Programs\MiKTeX\tex/latex/hycolor\hycolor.sty
Package: hycolor 2020-01-27 v1.10 Color options for hyperref/bookmark (HO)
) (C:\Users\timmy\AppData\Local\Programs\MiKTeX\tex/latex/letltxmacro\letltxmacro.sty
Package: letltxmacro 2019/12/03 v1.6 Let assignment for LaTeX macros (HO)
) (C:\Users\timmy\AppData\Local\Programs\MiKTeX\tex/latex/auxhook\auxhook.sty
Package: auxhook 2019-12-17 v1.6 Hooks for auxiliary files (HO)
) (C:\Users\timmy\AppData\Local\Programs\MiKTeX\tex/latex/kvoptions\kvoptions.sty
Package: kvoptions 2020-10-07 v3.14 Key value format for package options (HO)
)
\@linkdim=\dimen167
\Hy@linkcounter=\count276
\Hy@pagecounter=\count277
 (C:\Users\timmy\AppData\Local\Programs\MiKTeX\tex/latex/hyperref\pd1enc.def
File: pd1enc.def 2022-02-21 v7.00n Hyperref: PDFDocEncoding definition (HO)
) (C:\Users\timmy\AppData\Local\Programs\MiKTeX\tex/generic/intcalc\intcalc.sty
Package: intcalc 2019/12/15 v1.3 Expandable calculations with integers (HO)
) (C:\Users\timmy\AppData\Local\Programs\MiKTeX\tex/generic/etexcmds\etexcmds.sty
Package: etexcmds 2019/12/15 v1.7 Avoid name clashes with e-TeX commands (HO)
)
\Hy@SavedSpaceFactor=\count278
 (C:\Users\timmy\AppData\Local\Programs\MiKTeX\tex/latex/hyperref\puenc.def
File: puenc.def 2022-02-21 v7.00n Hyperref: PDF Unicode definition (HO)
)
Package hyperref Info: Hyper figures OFF on input line 4137.
Package hyperref Info: Link nesting OFF on input line 4142.
Package hyperref Info: Hyper index ON on input line 4145.
Package hyperref Info: Plain pages OFF on input line 4152.
Package hyperref Info: Backreferencing OFF on input line 4157.
Package hyperref Info: Implicit mode ON; LaTeX internals redefined.
Package hyperref Info: Bookmarks ON on input line 4390.
\c@Hy@tempcnt=\count279
 (C:\Users\timmy\AppData\Local\Programs\MiKTeX\tex/latex/url\url.sty
\Urlmuskip=\muskip17
Package: url 2013/09/16  ver 3.4  Verb mode for urls, etc.
)
LaTeX Info: Redefining \url on input line 4749.
\XeTeXLinkMargin=\dimen168
 (C:\Users\timmy\AppData\Local\Programs\MiKTeX\tex/generic/bitset\bitset.sty
Package: bitset 2019/12/09 v1.3 Handle bit-vector datatype (HO)
 (C:\Users\timmy\AppData\Local\Programs\MiKTeX\tex/generic/bigintcalc\bigintcalc.sty
Package: bigintcalc 2019/12/15 v1.5 Expandable calculations on big integers (HO)
))
\Fld@menulength=\count280
\Field@Width=\dimen169
\Fld@charsize=\dimen170
Package hyperref Info: Hyper figures OFF on input line 6027.
Package hyperref Info: Link nesting OFF on input line 6032.
Package hyperref Info: Hyper index ON on input line 6035.
Package hyperref Info: backreferencing OFF on input line 6042.
Package hyperref Info: Link coloring OFF on input line 6047.
Package hyperref Info: Link coloring with OCG OFF on input line 6052.
Package hyperref Info: PDF/A mode OFF on input line 6057.
LaTeX Info: Redefining \ref on input line 6097.
LaTeX Info: Redefining \pageref on input line 6101.
 (C:\Users\timmy\AppData\Local\Programs\MiKTeX\tex/latex/base\atbegshi-ltx.sty
Package: atbegshi-ltx 2021/01/10 v1.0c Emulation of the original atbegshi
package with kernel methods
)
\Hy@abspage=\count281
\c@Item=\count282
\c@Hfootnote=\count283
)
Package hyperref Info: Driver (autodetected): hxetex.
 (C:\Users\timmy\AppData\Local\Programs\MiKTeX\tex/latex/hyperref\hxetex.def
File: hxetex.def 2022-02-21 v7.00n Hyperref driver for XeTeX
 (C:\Users\timmy\AppData\Local\Programs\MiKTeX\tex/generic/stringenc\stringenc.sty
Package: stringenc 2019/11/29 v1.12 Convert strings between diff. encodings (HO)
)
\pdfm@box=\box54
\c@Hy@AnnotLevel=\count284
\HyField@AnnotCount=\count285
\Fld@listcount=\count286
\c@bookmark@seq@number=\count287
 (C:\Users\timmy\AppData\Local\Programs\MiKTeX\tex/latex/rerunfilecheck\rerunfilecheck.sty
Package: rerunfilecheck 2019/12/05 v1.9 Rerun checks for auxiliary files (HO)
 (C:\Users\timmy\AppData\Local\Programs\MiKTeX\tex/latex/base\atveryend-ltx.sty
Package: atveryend-ltx 2020/08/19 v1.0a Emulation of the original atveryend package
with kernel methods
) (C:\Users\timmy\AppData\Local\Programs\MiKTeX\tex/generic/uniquecounter\uniquecounter.sty
Package: uniquecounter 2019/12/15 v1.4 Provide unlimited unique counter (HO)
)
Package uniquecounter Info: New unique counter `rerunfilecheck' on input line 286.
)
\Hy@SectionHShift=\skip60
) (C:\Users\timmy\AppData\Local\Programs\MiKTeX\tex/latex/xcolor\xcolor.sty
Package: xcolor 2021/10/31 v2.13 LaTeX color extensions (UK)
 (C:\Users\timmy\AppData\Local\Programs\MiKTeX\tex/latex/graphics-cfg\color.cfg
File: color.cfg 2016/01/02 v1.6 sample color configuration
)
Package xcolor Info: Driver file: xetex.def on input line 227.
 (C:\Users\timmy\AppData\Local\Programs\MiKTeX\tex/latex/graphics-def\xetex.def
File: xetex.def 2021/03/18 v5.0k Graphics/color driver for xetex
)
Package xcolor Info: Model `cmy' substituted by `cmy0' on input line 1352.
Package xcolor Info: Model `RGB' extended on input line 1368.
Package xcolor Info: Model `HTML' substituted by `rgb' on input line 1370.
Package xcolor Info: Model `Hsb' substituted by `hsb' on input line 1371.
Package xcolor Info: Model `tHsb' substituted by `hsb' on input line 1372.
Package xcolor Info: Model `HSB' substituted by `hsb' on input line 1373.
Package xcolor Info: Model `Gray' substituted by `gray' on input line 1374.
Package xcolor Info: Model `wave' substituted by `hsb' on input line 1375.
) (C:\Users\timmy\AppData\Local\Programs\MiKTeX\tex/latex/l3backend\l3backend-xetex.def
File: l3backend-xetex.def 2022-02-07 L3 backend support: XeTeX
 ()
\c__kernel_sys_dvipdfmx_version_int=\count288
\l__color_backend_stack_int=\count289
\g__color_backend_stack_int=\count290
\g__graphics_track_int=\count291
\l__pdf_internal_box=\box55
\g__pdf_backend_object_int=\count292
\g__pdf_backend_annotation_int=\count293
\g__pdf_backend_link_int=\count294
) (print.aux)
\openout1 = `print.aux'.

LaTeX Font Info:    Checking defaults for OML/cmm/m/it on input line 54.
LaTeX Font Info:    ... okay on input line 54.
LaTeX Font Info:    Checking defaults for OMS/cmsy/m/n on input line 54.
LaTeX Font Info:    ... okay on input line 54.
LaTeX Font Info:    Checking defaults for OT1/cmr/m/n on input line 54.
LaTeX Font Info:    ... okay on input line 54.
LaTeX Font Info:    Checking defaults for T1/cmr/m/n on input line 54.
LaTeX Font Info:    ... okay on input line 54.
LaTeX Font Info:    Checking defaults for TS1/cmr/m/n on input line 54.
LaTeX Font Info:    Trying to load font information for TS1+cmr on input line 54.
 (C:\Users\timmy\AppData\Local\Programs\MiKTeX\tex/latex/base\ts1cmr.fd
File: ts1cmr.fd 2019/12/16 v2.5j Standard LaTeX font definitions
)
LaTeX Font Info:    ... okay on input line 54.
LaTeX Font Info:    Checking defaults for TU/lmr/m/n on input line 54.
LaTeX Font Info:    ... okay on input line 54.
LaTeX Font Info:    Checking defaults for OMX/cmex/m/n on input line 54.
LaTeX Font Info:    ... okay on input line 54.
LaTeX Font Info:    Checking defaults for U/cmr/m/n on input line 54.
LaTeX Font Info:    ... okay on input line 54.
LaTeX Font Info:    Checking defaults for PD1/pdf/m/n on input line 54.
LaTeX Font Info:    ... okay on input line 54.
LaTeX Font Info:    Checking defaults for PU/pdf/m/n on input line 54.
LaTeX Font Info:    ... okay on input line 54.
 (C:\Users\timmy\AppData\Local\Programs\MiKTeX\tex/latex/graphics\graphicx.sty
Package: graphicx 2021/09/16 v1.2d Enhanced LaTeX Graphics (DPC,SPQR)
 (C:\Users\timmy\AppData\Local\Programs\MiKTeX\tex/latex/graphics\graphics.sty
Package: graphics 2021/03/04 v1.4d Standard LaTeX Graphics (DPC,SPQR)
 (C:\Users\timmy\AppData\Local\Programs\MiKTeX\tex/latex/graphics\trig.sty
Package: trig 2021/08/11 v1.11 sin cos tan (DPC)
) (C:\Users\timmy\AppData\Local\Programs\MiKTeX\tex/latex/graphics-cfg\graphics.cfg
File: graphics.cfg 2016/06/04 v1.11 sample graphics configuration
)
Package graphics Info: Driver file: xetex.def on input line 107.
)
\Gin@req@height=\dimen171
\Gin@req@width=\dimen172
)
*geometry* driver: auto-detecting
*geometry* detected driver: xetex
*geometry* verbose mode - [ preamble ] result:
* driver: xetex
* paper: <default>
* layout: <same size as paper>
* layoutoffset:(h,v)=(0.0pt,0.0pt)
* modes: 
* h-part:(L,W,R)=(72.26999pt, 469.75502pt, 72.26999pt)
* v-part:(T,H,B)=(72.26999pt, 650.43001pt, 72.26999pt)
* \paperwidth=614.295pt
* \paperheight=794.96999pt
* \textwidth=469.75502pt
* \textheight=650.43001pt
* \oddsidemargin=0.0pt
* \evensidemargin=0.0pt
* \topmargin=-37.0pt
* \headheight=12.0pt
* \headsep=25.0pt
* \topskip=11.0pt
* \footskip=30.0pt
* \marginparwidth=59.0pt
* \marginparsep=10.0pt
* \columnsep=10.0pt
* \skip\footins=10.0pt plus 4.0pt minus 2.0pt
* \hoffset=0.0pt
* \voffset=0.0pt
* \mag=1000
* \@twocolumnfalse
* \@twosidefalse
* \@mparswitchfalse
* \@reversemarginfalse
* (1in=72.27pt=25.4mm, 1cm=28.453pt)

Package hyperref Info: Link coloring OFF on input line 54.
(C:\Users\timmy\AppData\Local\Programs\MiKTeX\tex/latex/hyperref\nameref.sty
Package: nameref 2021-04-02 v2.47 Cross-referencing by name of section
 (C:\Users\timmy\AppData\Local\Programs\MiKTeX\tex/latex/refcount\refcount.sty
Package: refcount 2019/12/15 v3.6 Data extraction from label references (HO)
) (C:\Users\timmy\AppData\Local\Programs\MiKTeX\tex/generic/gettitlestring\gettitlestring.sty
Package: gettitlestring 2019/12/15 v1.6 Cleanup title references (HO)
)
\c@section@level=\count295
)
LaTeX Info: Redefining \ref on input line 54.
LaTeX Info: Redefining \pageref on input line 54.
LaTeX Info: Redefining \nameref on input line 54.
 (print.out) (print.out)
\@outlinefile=\write3
\openout3 = `print.out'.

LaTeX Font Info:    Trying to load font information for U+msa on input line 56.
 (C:\Users\timmy\AppData\Local\Programs\MiKTeX\tex/latex/amsfonts\umsa.fd
File: umsa.fd 2013/01/14 v3.01 AMS symbols A
)
LaTeX Font Info:    Trying to load font information for U+msb on input line 56.
 (C:\Users\timmy\AppData\Local\Programs\MiKTeX\tex/latex/amsfonts\umsb.fd
File: umsb.fd 2013/01/14 v3.01 AMS symbols B
)
LaTeX Font Info:    Trying to load font information for U+stmry on input line 56.
 (C:\Users\timmy\AppData\Local\Programs\MiKTeX\tex/latex/stmaryrd\ustmry.fd)
Overfull \hbox (39.21895pt too wide) in paragraph at lines 65--66
\TU/lmtt/m/n/10 generators_span_all_detectors\TU/lmr/m/n/10 , \TU/lmtt/m/n/10 initXe_isGaugingStabilizer\TU/lmr/m/n/10 , \TU/lmtt/m/n/10 readoutXe_isGaugingStabilizer\TU/lmr/m/n/10 ,
 []


Overfull \hbox (60.21895pt too wide) in paragraph at lines 65--66
\TU/lmtt/m/n/10 space_fault_cleaning\TU/lmr/m/n/10 , \TU/lmtt/m/n/10 spacetimeStabilizer_completeness\TU/lmr/m/n/10 , \TU/lmtt/m/n/10 syndromeFree_pureSpace_inCentralizer\TU/lmr/m/n/10 ,
 []

(print.toc [1

])
\tf@toc=\write4
\openout4 = `print.toc'.

 [2] [3] [4] [5] [6] [7] [8] [9] [10] [11] [12] [13] [14]
Overfull \hbox (69.55965pt too wide) in paragraph at lines 686--687
[]\TU/lmr/m/n/10.95 Unfolding the definition of $[]$, the condition becomes $[][] []\OT1/cmr/m/n/10.95 (\OML/cmm/m/it/10.95 P\OT1/cmr/m/n/10.95 )(\OML/cmm/m/it/10.95 v\OT1/cmr/m/n/10.95 ) =
 []


Overfull \hbox (40.03845pt too wide) in paragraph at lines 710--711
[]\TU/lmr/m/n/10.95 Unfolding the definition of $[]$, we need to show $[][] []\OT1/cmr/m/n/10.95 (\OML/cmm/m/it/10.95 P\OT1/cmr/m/n/10.95 )(\OML/cmm/m/it/10.95 v\OT1/cmr/m/n/10.95 ) =
 []


Overfull \hbox (17.22382pt too wide) in paragraph at lines 710--711
\OT1/cmr/m/n/10.95 0$\TU/lmr/m/n/10.95 . Unfolding the boundary condition $\OML/cmm/m/it/10.95 @^^M \OT1/cmr/m/n/10.95 = [](\OML/cmm/m/it/10.95 P\OT1/cmr/m/n/10.95 )$\TU/lmr/m/n/10.95 , we rewrite the goal as $[][]\OT1/cmr/m/n/10.95 (\OML/cmm/m/it/10.95 @^^M\OT1/cmr/m/n/10.95 )(\OML/cmm/m/it/10.95 v\OT1/cmr/m/n/10.95 ) =
 []

[15]
Overfull \hbox (64.1419pt too wide) in paragraph at lines 738--739
[][] \OT1/cmr/bx/n/10.95 1[] \OMS/cmsy/m/n/10.95 ^^A \OML/cmm/m/it/10.95 ^^M\OT1/cmr/m/n/10.95 (\OML/cmm/m/it/10.95 e\OT1/cmr/m/n/10.95 )$\TU/lmr/m/n/10.95 . Rewriting using the boundary condition, the total becomes $\OML/cmm/m/it/10.95 P: []\OT1/cmr/m/n/10.95 (\OML/cmm/m/it/10.95 v\OT1/cmr/m/n/10.95 ) + [](\OML/cmm/m/it/10.95 P\OT1/cmr/m/n/10.95 )(\OML/cmm/m/it/10.95 v\OT1/cmr/m/n/10.95 )$\TU/lmr/m/n/10.95 .
 []

[16]
Overfull \hbox (30.54245pt too wide) in paragraph at lines 770--771
[]\TU/lmr/bx/n/10.95 Theorem \TU/lmr/m/n/10.95 (Theorem 1: Noncommuting Operators Cannot Be Deformed)\TU/lmr/bx/n/10.95 . []\TU/lmr/m/it/10.95 If $\OMS/cmsy/m/n/10.95 : []\OT1/cmr/m/n/10.95 (\OML/cmm/m/it/10.95 P\OT1/cmr/m/n/10.95 )$\TU/lmr/m/it/10.95 ,
 []


Overfull \hbox (13.70567pt too wide) in paragraph at lines 770--771
\TU/lmr/m/it/10.95 then there is no edge-path $\OML/cmm/m/it/10.95 ^^M [] [] E \OMS/cmsy/m/n/10.95 ! \U/msb/m/n/10.95 Z\OML/cmm/m/it/10.95 =\OT1/cmr/m/n/10.95 2\U/msb/m/n/10.95 Z$ \TU/lmr/m/it/10.95 satisfying the boundary condition $[]\OT1/cmr/m/n/10.95 (\OML/cmm/m/it/10.95 G; P; ^^M\OT1/cmr/m/n/10.95 )$\TU/lmr/m/it/10.95 . 
 []


Overfull \hbox (89.11479pt too wide) in paragraph at lines 774--775
\TU/lmr/m/n/10.95 Then by the fundamental result that boundary conditions imply commutation, we conclude $[]\OT1/cmr/m/n/10.95 (\OML/cmm/m/it/10.95 P\OT1/cmr/m/n/10.95 )$\TU/lmr/m/n/10.95 ,
 []


Overfull \hbox (6.13472pt too wide) detected at line 783
[] []\OT1/cmr/m/n/10.95 (\OML/cmm/m/it/10.95 P \OMS/cmsy/m/n/10.95 ^^A \OML/cmm/m/it/10.95 Q\OT1/cmr/m/n/10.95 )(\OML/cmm/m/it/10.95 v\OT1/cmr/m/n/10.95 ) = [] [](\OML/cmm/m/it/10.95 P\OT1/cmr/m/n/10.95 )(\OML/cmm/m/it/10.95 v\OT1/cmr/m/n/10.95 ) + [] [](\OML/cmm/m/it/10.95 Q\OT1/cmr/m/n/10.95 )(\OML/cmm/m/it/10.95 v\OT1/cmr/m/n/10.95 )\OML/cmm/m/it/10.95 :
 []


Overfull \hbox (20.27866pt too wide) in paragraph at lines 791--792
[]\TU/lmr/bx/n/10.95 Theorem \TU/lmr/m/n/10.95 (Theorem 3: Multiplication Preserves CommutesWithLogical)\TU/lmr/bx/n/10.95 . []\TU/lmr/m/it/10.95 If $[]\OT1/cmr/m/n/10.95 (\OML/cmm/m/it/10.95 P\OT1/cmr/m/n/10.95 )$
 []


Overfull \hbox (14.65277pt too wide) in paragraph at lines 802--803
[]\TU/lmr/bx/n/10.95 Theorem \TU/lmr/m/n/10.95 (Theorem 4: Contrapositive of Multiplication Preservation)\TU/lmr/bx/n/10.95 . []\TU/lmr/m/it/10.95 If $\OMS/cmsy/m/n/10.95 : []\OT1/cmr/m/n/10.95 (\OML/cmm/m/it/10.95 P \OMS/cmsy/m/n/10.95 ^^A
 []

[17]
Overfull \hbox (102.55646pt too wide) in paragraph at lines 827--828
[]\TU/lmr/bx/n/10.95 Theorem \TU/lmr/m/n/10.95 (Theorem 5: pauliZ Does Not Commute With Logical)\TU/lmr/bx/n/10.95 . []\TU/lmr/m/it/10.95 For any vertex $\OML/cmm/m/it/10.95 v$\TU/lmr/m/it/10.95 , $\OMS/cmsy/m/n/10.95 : []\OT1/cmr/m/n/10.95 ([](\OML/cmm/m/it/10.95 v\OT1/cmr/m/n/10.95 ))$\TU/lmr/m/it/10.95 . 
 []


Overfull \hbox (4.07852pt too wide) in paragraph at lines 831--832
[]\TU/lmr/m/n/10.95 Unfolding $[]$, we need to show $[][] []\OT1/cmr/m/n/10.95 ([](\OML/cmm/m/it/10.95 v\OT1/cmr/m/n/10.95 ))(\OML/cmm/m/it/10.95 w\OT1/cmr/m/n/10.95 ) \OMS/cmsy/m/n/10.95 6\OT1/cmr/m/n/10.95 =
 []


Overfull \hbox (32.83504pt too wide) in paragraph at lines 845--847
\TU/lmr/m/n/10.95 The goal reduces to showing $[][] []\OT1/cmr/m/n/10.95 (\OML/cmm/m/it/10.95 P\OT1/cmr/m/n/10.95 )(\OML/cmm/m/it/10.95 v\OT1/cmr/m/n/10.95 ) + 1 = 0  \OMS/cmsy/m/n/10.95 ([])  [][] []\OT1/cmr/m/n/10.95 (\OML/cmm/m/it/10.95 P\OT1/cmr/m/n/10.95 )(\OML/cmm/m/it/10.95 v\OT1/cmr/m/n/10.95 ) \OMS/cmsy/m/n/10.95 6\OT1/cmr/m/n/10.95 =
 []


Overfull \hbox (39.66324pt too wide) in paragraph at lines 848--849
[]\TU/lmr/m/n/10.95 For the forward direction: if $[][] []\OT1/cmr/m/n/10.95 (\OML/cmm/m/it/10.95 P\OT1/cmr/m/n/10.95 )(\OML/cmm/m/it/10.95 v\OT1/cmr/m/n/10.95 ) + 1 = 0$ \TU/lmr/m/n/10.95 and $[][] []\OT1/cmr/m/n/10.95 (\OML/cmm/m/it/10.95 P\OT1/cmr/m/n/10.95 )(\OML/cmm/m/it/10.95 v\OT1/cmr/m/n/10.95 ) =
 []

[18]
Overfull \hbox (9.50749pt too wide) in paragraph at lines 885--886
[]\TU/lmr/bx/n/10.95 Theorem \TU/lmr/m/n/10.95 (Theorem 8: Stabilizer Preserves Non-Commuting Status)\TU/lmr/bx/n/10.95 . []\TU/lmr/m/it/10.95 If $\OMS/cmsy/m/n/10.95 : []\OT1/cmr/m/n/10.95 (\OML/cmm/m/it/10.95 P\OT1/cmr/m/n/10.95 )$
 []


Overfull \hbox (65.85759pt too wide) in paragraph at lines 906--907
[]\TU/lmr/bx/n/10.95 Theorem \TU/lmr/m/n/10.95 (Theorem 10: No Modification Helps)\TU/lmr/bx/n/10.95 . []\TU/lmr/m/it/10.95 If $\OMS/cmsy/m/n/10.95 : []\OT1/cmr/m/n/10.95 (\OML/cmm/m/it/10.95 P\OT1/cmr/m/n/10.95 )$ \TU/lmr/m/it/10.95 and $[]\OT1/cmr/m/n/10.95 (\OML/cmm/m/it/10.95 Q\OT1/cmr/m/n/10.95 )$\TU/lmr/m/it/10.95 ,
 []

[19]
Overfull \hbox (9.20091pt too wide) in paragraph at lines 927--928
[]\TU/lmr/bx/n/10.95 Theorem \TU/lmr/m/n/10.95 (Theorem 11: Z-Support Not in Range of Boundary Map)\TU/lmr/bx/n/10.95 . []\TU/lmr/m/it/10.95 If $\OMS/cmsy/m/n/10.95 : []\OT1/cmr/m/n/10.95 (\OML/cmm/m/it/10.95 P\OT1/cmr/m/n/10.95 )$\TU/lmr/m/it/10.95 ,
 []

[20] [21] [22] [23]
Overfull \hbox (40.04823pt too wide) in paragraph at lines 1076--1077
[]\TU/lmr/m/n/10.95 From the previous theorems, we have $[]\OT1/cmr/m/n/10.95 ([]) = \OMS/cmsy/m/n/10.95 j\OML/cmm/m/it/10.95 V\OMS/cmsy/m/n/10.95 j \OT1/cmr/m/n/10.95 + \OMS/cmsy/m/n/10.95 j\OML/cmm/m/it/10.95 E\OMS/cmsy/m/n/10.95 j$ \TU/lmr/m/n/10.95 and $[]\OT1/cmr/m/n/10.95 ([]) =
 []

[24] [25] [26] [27] [28] [29] [30] [31] [32] [33] [34] [35]
Overfull \hbox (71.16402pt too wide) in paragraph at lines 1615--1616
\TU/lmr/m/it/10.95 tinct vertices $\OML/cmm/m/it/10.95 u; v$ \TU/lmr/m/it/10.95 in $[]\OT1/cmr/m/n/10.95 ([](\OML/cmm/m/it/10.95 j\OT1/cmr/m/n/10.95 ))$\TU/lmr/m/it/10.95 , $\OML/cmm/m/it/10.95 u$ \TU/lmr/m/it/10.95 and $\OML/cmm/m/it/10.95 v$ \TU/lmr/m/it/10.95 are adjacent in $\OML/cmm/m/it/10.95 G$\TU/lmr/m/it/10.95 . Then $[]\OT1/cmr/m/n/10.95 (\OML/cmm/m/it/10.95 G; []; \OT1/cmr/m/n/10.95 1)$
 []

[36] [37]
Overfull \hbox (10.48444pt too wide) in paragraph at lines 1696--1698
\TU/lmr/m/n/10.95 exists some $\OML/cmm/m/it/10.95 c[] \OT1/cmr/m/n/10.95 : \OML/cmm/m/it/10.95 V \OMS/cmsy/m/n/10.95 ! \U/msb/m/n/10.95 Z\OML/cmm/m/it/10.95 =\OT1/cmr/m/n/10.95 2\U/msb/m/n/10.95 Z$ \TU/lmr/m/n/10.95 with $\OML/cmm/m/it/10.95 ^^N\OT1/cmr/m/n/10.95 (\OML/cmm/m/it/10.95 c[]\OT1/cmr/m/n/10.95 ) = [](\OML/cmm/m/it/10.95 L[]\OT1/cmr/m/n/10.95 )$\TU/lmr/m/n/10.95 . The cleaned operator $[]\OT1/cmr/m/n/10.95 (\OML/cmm/m/it/10.95 L[]; c[]\OT1/cmr/m/n/10.95 ) =
 []

[38] [39] [40] [41] [42] [43] [44]
Overfull \hbox (26.03395pt too wide) in paragraph at lines 2040--2041
[]\TU/lmr/m/n/10.95 This follows immediately from the definitions of violation and the equality $[]\OT1/cmr/m/n/10.95 (\OML/cmm/m/it/10.95 D; F\OT1/cmr/m/n/10.95 ) =
 []


Overfull \hbox (10.52747pt too wide) in paragraph at lines 2062--2063
[]\TU/lmr/m/n/10.95 By the characterization of violation in terms of flip parity, it suffices to show $[]\OT1/cmr/m/n/10.95 (\OML/cmm/m/it/10.95 D; F[]\OT1/cmr/m/n/10.95 ) =
 []

[45]
Overfull \hbox (46.33986pt too wide) in paragraph at lines 2141--2142
[]\TU/lmr/m/n/10.95 By the flip parity characterization, violation occurs iff $[]\OT1/cmr/m/n/10.95 ([](\OML/cmm/m/it/10.95 m\OT1/cmr/m/n/10.95 )\OML/cmm/m/it/10.95 ; F\OT1/cmr/m/n/10.95 ) =
 []

[46] [47]
Overfull \hbox (53.69073pt too wide) in paragraph at lines 2221--2222
[]\TU/lmr/m/n/10.95 By extensionality on the index $\OML/cmm/m/it/10.95 i$\TU/lmr/m/n/10.95 , we simplify using the definitions of $[]$, $[]$,
 []

[48] [49]
Overfull \hbox (15.31306pt too wide) in paragraph at lines 2347--2348
\TU/lmr/m/n/10.95 plied to $\OML/cmm/m/it/10.95 S$\TU/lmr/m/n/10.95 , we know $\OML/cmm/m/it/10.95 S\OMS/cmsy/m/n/10.95 4\OML/cmm/m/it/10.95 U$ \TU/lmr/m/n/10.95 is generated. By associativity of symmetric difference, $\OML/cmm/m/it/10.95 S\OMS/cmsy/m/n/10.95 4\OT1/cmr/m/n/10.95 (\OML/cmm/m/it/10.95 U\OMS/cmsy/m/n/10.95 4[][]\OT1/cmr/m/n/10.95 ) =
 []

[50] [51] [52]
Overfull \hbox (5.80658pt too wide) in paragraph at lines 2444--2445
[]\TU/lmr/m/n/10.95 If $[]\OT1/cmr/m/n/10.95 (\OML/cmm/m/it/10.95 F\OT1/cmr/m/n/10.95 )$ \TU/lmr/m/n/10.95 is false, then $\OML/cmm/m/it/10.95 F$ \TU/lmr/m/n/10.95 satisfies syndrome-freeness (by hypothesis) and outcome-
 []

[53] [54] [55] [56] [57] [58]
Overfull \hbox (12.14655pt too wide) in paragraph at lines 2668--2669
\OML/cmm/m/it/10.95 F[]:[] \OMS/cmsy/m/n/10.95 ^^A \OML/cmm/m/it/10.95 F[]:[]$\TU/lmr/m/n/10.95 . Let $\OML/cmm/m/it/10.95 F[] \OT1/cmr/m/n/10.95 := \OML/cmm/m/it/10.95 F[]:[]$\TU/lmr/m/n/10.95 , $\OML/cmm/m/it/10.95 F[] \OT1/cmr/m/n/10.95 := \OML/cmm/m/it/10.95 F[]:[]$\TU/lmr/m/n/10.95 ,
 []


Overfull \hbox (48.1204pt too wide) in paragraph at lines 2679--2680
\TU/lmr/m/n/10.95 Similarly, the Pauli error at any time depends only on space-faults, so $\OML/cmm/m/it/10.95 F:[]\OT1/cmr/m/n/10.95 (\OML/cmm/m/it/10.95 t\OT1/cmr/m/n/10.95 ) = \OML/cmm/m/it/10.95 F[]:[]\OT1/cmr/m/n/10.95 (\OML/cmm/m/it/10.95 t\OT1/cmr/m/n/10.95 )$\TU/lmr/m/n/10.95 . 
 []


Overfull \hbox (4.12639pt too wide) in paragraph at lines 2683--2684
[]\TU/lmr/bx/n/10.95 Axiom dependencies: \TU/lmr/m/n/10.95 This proof relies on two axioms from Lemma 5: \TU/lmtt/m/n/10.95 space_fault_cleaning
 []

[59]
Overfull \hbox (19.34857pt too wide) in paragraph at lines 2723--2724
\TU/lmr/m/n/10.95 sitively depends on the axioms \TU/lmtt/m/n/10.95 space_fault_cleaning \TU/lmr/m/n/10.95 and \TU/lmtt/m/n/10.95 syndromeFree_pureSpace_inCentralizer
 []

[60] [61] [62] [63] [64] [65] [66] [67] [68] [69] [70]
Overfull \hbox (51.99968pt too wide) in paragraph at lines 3143--3144
[]\TU/lmr/bx/n/10.95 Expansion edges\TU/lmr/m/n/10.95 : 4 carefully chosen edges $\OMS/cmsy/m/n/10.95 f\OT1/cmr/m/n/10.95 ((2\OML/cmm/m/it/10.95 ; \OT1/cmr/m/n/10.95 0)\OML/cmm/m/it/10.95 ; \OT1/cmr/m/n/10.95 (5\OML/cmm/m/it/10.95 ; \OT1/cmr/m/n/10.95 3))\OML/cmm/m/it/10.95 ; \OT1/cmr/m/n/10.95 ((2\OML/cmm/m/it/10.95 ; \OT1/cmr/m/n/10.95 0)\OML/cmm/m/it/10.95 ; \OT1/cmr/m/n/10.95 (6\OML/cmm/m/it/10.95 ; \OT1/cmr/m/n/10.95 0))\OML/cmm/m/it/10.95 ; \OT1/cmr/m/n/10.95 ((5\OML/cmm/m/it/10.95 ; \OT1/cmr/m/n/10.95 3)\OML/cmm/m/it/10.95 ; \OT1/cmr/m/n/10.95 (11\OML/cmm/m/it/10.95 ; \OT1/cmr/m/n/10.95 3))\OML/cmm/m/it/10.95 ; \OT1/cmr/m/n/10.95 ((7\OML/cmm/m/it/10.95 ; \OT1/cmr/m/n/10.95 3)\OML/cmm/m/it/10.95 ; \OT1/cmr/m/n/10.95 (11\OML/cmm/m/it/10.95 ; \OT1/cmr/m/n/10.95 3))\OMS/cmsy/m/n/10.95 g$
 []

[71]
Overfull \hbox (13.87938pt too wide) in paragraph at lines 3177--3178
[]\TU/lmr/m/n/10.95 The polynomial $\OML/cmm/m/it/10.95 f$ \TU/lmr/m/n/10.95 defining the logical operators satisfies $\OML/cmm/m/it/10.95 f \OMS/cmsy/m/n/10.95 2 []\OT1/cmr/m/n/10.95 (\OML/cmm/m/it/10.95 B[]\OT1/cmr/m/n/10.95 )$\TU/lmr/m/n/10.95 , meaning that $[][] \OML/cmm/m/it/10.95 f\OT1/cmr/m/n/10.95 (\OML/cmm/m/it/10.95 ^^M\OT1/cmr/m/n/10.95 )\OML/cmm/m/it/10.95 B[]\OT1/cmr/m/n/10.95 (\OML/cmm/m/it/10.95 ^^M \OMS/cmsy/m/n/10.95 ^^@
 []

[72] [73] [74] [75] [76] (print.aux)
Package rerunfilecheck Info: File `print.out' has not changed.
(rerunfilecheck)             Checksum: 8664EF26105E177090E9809047A81ACF;11409.
 ) 
Here is how much of TeX's memory you used:
 11520 strings out of 410967
 176886 string characters out of 2823754
 510482 words of memory out of 3000000
 32090 multiletter control sequences out of 15000+600000
 479268 words of font info for 86 fonts, out of 8000000 for 9000
 1348 hyphenation exceptions out of 8191
 60i,12n,64p,1083b,543s stack positions out of 10000i,1000n,20000p,200000b,80000s

Output written on print.pdf (76 pages).
